2010/12/13 09:14:39 [error] [exception.CException] exception 'CException' with message 'CAssetManager.basePath "/home/emanuele/public_html/htcheck-web-manager/assets" is invalid. Please make sure the directory exists and is writable by the Web server process.' in /home/emanuele/public_html/yii/framework/web/CAssetManager.php:92
Stack trace:
#0 /home/emanuele/public_html/yii/framework/web/CAssetManager.php(77): CAssetManager->setBasePath('/home/emanuele/...')
#1 /home/emanuele/public_html/yii/framework/web/CAssetManager.php(179): CAssetManager->getBasePath()
#2 /home/emanuele/public_html/yii/framework/web/CClientScript.php(387): CAssetManager->publish('/home/emanuele/...')
#3 /home/emanuele/public_html/yii/framework/web/CClientScript.php(238): CClientScript->getCoreScriptUrl()
#4 /home/emanuele/public_html/yii/framework/web/CClientScript.php(133): CClientScript->renderCoreScripts()
#5 /home/emanuele/public_html/yii/framework/web/CController.php(318): CClientScript->render('<!DOCTYPE html ...')
#6 /home/emanuele/public_html/yii/framework/web/CController.php(752): CController->processOutput('<!DOCTYPE html ...')
#7 /home/emanuele/public_html/htcheck-web-manager/protected/modules/Install/controllers/DefaultController.php(16): CController->render('welcome')
#8 /home/emanuele/public_html/yii/framework/web/actions/CInlineAction.php(57): DefaultController->actionIndex()
#9 /home/emanuele/public_html/yii/framework/web/CController.php(300): CInlineAction->run()
#10 /home/emanuele/public_html/yii/framework/web/CController.php(278): CController->runAction(Object(CInlineAction))
#11 /home/emanuele/public_html/yii/framework/web/CController.php(257): CController->runActionWithFilters(Object(CInlineAction), Array)
#12 /home/emanuele/public_html/yii/framework/web/CWebApplication.php(324): CController->run('')
#13 /home/emanuele/public_html/yii/framework/web/CWebApplication.php(121): CWebApplication->runController('')
#14 /home/emanuele/public_html/yii/framework/base/CApplication.php(135): CWebApplication->processRequest()
#15 /home/emanuele/public_html/htcheck-web-manager/install.php(9): CApplication->run()
#16 {main} REQUEST_URI=/htcheck-web-manager/install.php
2010/12/13 10:03:43 [warning] [application] Failed to set unsafe attribute "password".
2010/12/13 10:03:58 [warning] [application] Failed to set unsafe attribute "password".
2010/12/13 10:04:11 [warning] [application] Failed to set unsafe attribute "email".
2010/12/13 10:50:43 [error] [php] Missing argument 1 for CrawlerConfiguration::search(), called in /home/emanuele/public_html/htcheck/protected/views/crawlerConfiguration/admin.php on line 26 and defined (/home/emanuele/public_html/htcheck/protected/models/CrawlerConfiguration.php:214)
Stack trace:
#0 /home/emanuele/public_html/yii/framework/web/CBaseController.php(88): CrawlerConfigurationController->renderInternal()
#1 /home/emanuele/public_html/yii/framework/web/CController.php(833): CrawlerConfigurationController->renderFile()
#2 /home/emanuele/public_html/yii/framework/web/CController.php(746): CrawlerConfigurationController->renderPartial()
#3 /home/emanuele/public_html/htcheck/protected/controllers/CrawlerConfigurationController.php(244): CrawlerConfigurationController->render()
#4 /home/emanuele/public_html/yii/framework/web/actions/CInlineAction.php(57): CrawlerConfigurationController->actionAdmin()
#5 /home/emanuele/public_html/yii/framework/web/CController.php(300): CInlineAction->run()
#6 /home/emanuele/public_html/yii/framework/web/filters/CFilterChain.php(133): CrawlerConfigurationController->runAction()
#7 /home/emanuele/public_html/yii/framework/web/filters/CFilter.php(41): CFilterChain->run()
#8 /home/emanuele/public_html/yii/framework/web/CController.php(1084): CAccessControlFilter->filter()
#9 /home/emanuele/public_html/yii/framework/web/filters/CInlineFilter.php(59): CrawlerConfigurationController->filterAccessControl()
#10 /home/emanuele/public_html/yii/framework/web/filters/CFilterChain.php(130): CInlineFilter->filter()
#11 /home/emanuele/public_html/yii/framework/web/CController.php(283): CFilterChain->run()
#12 /home/emanuele/public_html/yii/framework/web/CController.php(257): CrawlerConfigurationController->runActionWithFilters()
#13 /home/emanuele/public_html/yii/framework/web/CWebApplication.php(324): CrawlerConfigurationController->run()
#14 /home/emanuele/public_html/yii/framework/web/CWebApplication.php(121): CWebApplication->runController()
#15 /home/emanuele/public_html/yii/framework/base/CApplication.php(135): CWebApplication->processRequest()
#16 /home/emanuele/public_html/htcheck/index.php(19): CWebApplication->run()
REQUEST_URI=/htcheck/index.php/crawlerConfiguration/admin.html
in /home/emanuele/public_html/htcheck/protected/models/CrawlerConfiguration.php (214)
in /home/emanuele/public_html/htcheck/protected/views/crawlerConfiguration/admin.php (26)
in /home/emanuele/public_html/htcheck/protected/controllers/CrawlerConfigurationController.php (244)
2010/12/13 13:17:26 [error] [php] Undefined variable: readOnly (/home/emanuele/public_html/htcheck/protected/views/crawlerConfiguration/_form.php:30)
Stack trace:
#0 /home/emanuele/public_html/yii/framework/web/CController.php(833): CrawlerConfigurationController->renderFile()
#1 /home/emanuele/public_html/htcheck/protected/views/crawlerConfiguration/create.php(14): CrawlerConfigurationController->renderPartial()
#2 /home/emanuele/public_html/yii/framework/web/CBaseController.php(119): require()
#3 /home/emanuele/public_html/yii/framework/web/CBaseController.php(88): CrawlerConfigurationController->renderInternal()
#4 /home/emanuele/public_html/yii/framework/web/CController.php(833): CrawlerConfigurationController->renderFile()
#5 /home/emanuele/public_html/yii/framework/web/CController.php(746): CrawlerConfigurationController->renderPartial()
#6 /home/emanuele/public_html/htcheck/protected/controllers/CrawlerConfigurationController.php(153): CrawlerConfigurationController->render()
#7 /home/emanuele/public_html/yii/framework/web/actions/CInlineAction.php(57): CrawlerConfigurationController->actionCreate()
#8 /home/emanuele/public_html/yii/framework/web/CController.php(300): CInlineAction->run()
#9 /home/emanuele/public_html/yii/framework/web/filters/CFilterChain.php(133): CrawlerConfigurationController->runAction()
#10 /home/emanuele/public_html/yii/framework/web/filters/CFilter.php(41): CFilterChain->run()
#11 /home/emanuele/public_html/yii/framework/web/CController.php(1084): CAccessControlFilter->filter()
#12 /home/emanuele/public_html/yii/framework/web/filters/CInlineFilter.php(59): CrawlerConfigurationController->filterAccessControl()
#13 /home/emanuele/public_html/yii/framework/web/filters/CFilterChain.php(130): CInlineFilter->filter()
#14 /home/emanuele/public_html/yii/framework/web/CController.php(283): CFilterChain->run()
#15 /home/emanuele/public_html/yii/framework/web/CController.php(257): CrawlerConfigurationController->runActionWithFilters()
#16 /home/emanuele/public_html/yii/framework/web/CWebApplication.php(324): CrawlerConfigurationController->run()
#17 /home/emanuele/public_html/yii/framework/web/CWebApplication.php(121): CWebApplication->runController()
#18 /home/emanuele/public_html/yii/framework/base/CApplication.php(135): CWebApplication->processRequest()
#19 /home/emanuele/public_html/htcheck/index.php(19): CWebApplication->run()
REQUEST_URI=/htcheck/index.php/crawlerConfiguration/create.html
in /home/emanuele/public_html/htcheck/protected/views/crawlerConfiguration/_form.php (30)
in /home/emanuele/public_html/htcheck/protected/views/crawlerConfiguration/create.php (14)
in /home/emanuele/public_html/htcheck/protected/controllers/CrawlerConfigurationController.php (153)
2010/12/13 13:18:34 [error] [exception.CException] exception 'CException' with message 'Property "CrawlerConfiguration.start_url" is not defined.' in /home/emanuele/public_html/yii/framework/base/CComponent.php:131
Stack trace:
#0 /home/emanuele/public_html/yii/framework/db/ar/CActiveRecord.php(110): CComponent->__get('start_url')
#1 /home/emanuele/public_html/yii/framework/validators/CStringValidator.php(66): CActiveRecord->__get('start_url')
#2 /home/emanuele/public_html/yii/framework/validators/CValidator.php(184): CStringValidator->validateAttribute(Object(CrawlerConfiguration), 'start_url')
#3 /home/emanuele/public_html/yii/framework/base/CModel.php(150): CValidator->validate(Object(CrawlerConfiguration), NULL)
#4 /home/emanuele/public_html/yii/framework/db/ar/CActiveRecord.php(763): CModel->validate(NULL)
#5 /home/emanuele/public_html/htcheck/protected/controllers/CrawlerConfigurationController.php(146): CActiveRecord->save()
#6 /home/emanuele/public_html/yii/framework/web/actions/CInlineAction.php(57): CrawlerConfigurationController->actionCreate()
#7 /home/emanuele/public_html/yii/framework/web/CController.php(300): CInlineAction->run()
#8 /home/emanuele/public_html/yii/framework/web/filters/CFilterChain.php(133): CController->runAction(Object(CInlineAction))
#9 /home/emanuele/public_html/yii/framework/web/filters/CFilter.php(41): CFilterChain->run()
#10 /home/emanuele/public_html/yii/framework/web/CController.php(1084): CFilter->filter(Object(CFilterChain))
#11 /home/emanuele/public_html/yii/framework/web/filters/CInlineFilter.php(59): CController->filterAccessControl(Object(CFilterChain))
#12 /home/emanuele/public_html/yii/framework/web/filters/CFilterChain.php(130): CInlineFilter->filter(Object(CFilterChain))
#13 /home/emanuele/public_html/yii/framework/web/CController.php(283): CFilterChain->run()
#14 /home/emanuele/public_html/yii/framework/web/CController.php(257): CController->runActionWithFilters(Object(CInlineAction), Array)
#15 /home/emanuele/public_html/yii/framework/web/CWebApplication.php(324): CController->run('create')
#16 /home/emanuele/public_html/yii/framework/web/CWebApplication.php(121): CWebApplication->runController('crawlerConfigur...')
#17 /home/emanuele/public_html/yii/framework/base/CApplication.php(135): CWebApplication->processRequest()
#18 /home/emanuele/public_html/htcheck/index.php(19): CApplication->run()
#19 {main} REQUEST_URI=/htcheck/index.php/crawlerConfiguration/create.html
2010/12/13 13:20:22 [error] [exception.CDbException] exception 'CDbException' with message 'No columns are being updated for table "crawler_configuration".' in /home/emanuele/public_html/yii/framework/db/schema/CDbCommandBuilder.php:266
Stack trace:
#0 /home/emanuele/public_html/yii/framework/db/ar/CActiveRecord.php(1593): CDbCommandBuilder->createUpdateCommand(Object(CMysqlTableSchema), Array, Object(CDbCriteria))
#1 /home/emanuele/public_html/yii/framework/db/ar/CActiveRecord.php(1047): CActiveRecord->updateByPk('1', Array)
#2 /home/emanuele/public_html/yii/framework/db/ar/CActiveRecord.php(764): CActiveRecord->update(Array)
#3 /home/emanuele/public_html/yii/framework/validators/CInlineValidator.php(39): CActiveRecord->save('config_footer', Array)
#4 /home/emanuele/public_html/yii/framework/validators/CValidator.php(184): CInlineValidator->validateAttribute(Object(CrawlerConfiguration), 'config_footer')
#5 /home/emanuele/public_html/yii/framework/base/CModel.php(150): CValidator->validate(Object(CrawlerConfiguration), NULL)
#6 /home/emanuele/public_html/yii/framework/db/ar/CActiveRecord.php(763): CModel->validate(NULL)
#7 /home/emanuele/public_html/htcheck/protected/controllers/CrawlerConfigurationController.php(146): CActiveRecord->save()
#8 /home/emanuele/public_html/yii/framework/web/actions/CInlineAction.php(57): CrawlerConfigurationController->actionCreate()
#9 /home/emanuele/public_html/yii/framework/web/CController.php(300): CInlineAction->run()
#10 /home/emanuele/public_html/yii/framework/web/filters/CFilterChain.php(133): CController->runAction(Object(CInlineAction))
#11 /home/emanuele/public_html/yii/framework/web/filters/CFilter.php(41): CFilterChain->run()
#12 /home/emanuele/public_html/yii/framework/web/CController.php(1084): CFilter->filter(Object(CFilterChain))
#13 /home/emanuele/public_html/yii/framework/web/filters/CInlineFilter.php(59): CController->filterAccessControl(Object(CFilterChain))
#14 /home/emanuele/public_html/yii/framework/web/filters/CFilterChain.php(130): CInlineFilter->filter(Object(CFilterChain))
#15 /home/emanuele/public_html/yii/framework/web/CController.php(283): CFilterChain->run()
#16 /home/emanuele/public_html/yii/framework/web/CController.php(257): CController->runActionWithFilters(Object(CInlineAction), Array)
#17 /home/emanuele/public_html/yii/framework/web/CWebApplication.php(324): CController->run('create')
#18 /home/emanuele/public_html/yii/framework/web/CWebApplication.php(121): CWebApplication->runController('crawlerConfigur...')
#19 /home/emanuele/public_html/yii/framework/base/CApplication.php(135): CWebApplication->processRequest()
#20 /home/emanuele/public_html/htcheck/index.php(19): CApplication->run()
#21 {main} REQUEST_URI=/htcheck/index.php/crawlerConfiguration/create.html
2010/12/13 13:22:27 [error] [exception.CDbException] exception 'CDbException' with message 'No columns are being updated for table "crawler_configuration".' in /home/emanuele/public_html/yii/framework/db/schema/CDbCommandBuilder.php:266
Stack trace:
#0 /home/emanuele/public_html/yii/framework/db/ar/CActiveRecord.php(1593): CDbCommandBuilder->createUpdateCommand(Object(CMysqlTableSchema), Array, Object(CDbCriteria))
#1 /home/emanuele/public_html/yii/framework/db/ar/CActiveRecord.php(1047): CActiveRecord->updateByPk('2', Array)
#2 /home/emanuele/public_html/yii/framework/db/ar/CActiveRecord.php(764): CActiveRecord->update(Array)
#3 /home/emanuele/public_html/yii/framework/validators/CInlineValidator.php(39): CActiveRecord->save('config_footer', Array)
#4 /home/emanuele/public_html/yii/framework/validators/CValidator.php(184): CInlineValidator->validateAttribute(Object(CrawlerConfiguration), 'config_footer')
#5 /home/emanuele/public_html/yii/framework/base/CModel.php(150): CValidator->validate(Object(CrawlerConfiguration), NULL)
#6 /home/emanuele/public_html/yii/framework/db/ar/CActiveRecord.php(763): CModel->validate(NULL)
#7 /home/emanuele/public_html/htcheck/protected/controllers/CrawlerConfigurationController.php(146): CActiveRecord->save()
#8 /home/emanuele/public_html/yii/framework/web/actions/CInlineAction.php(57): CrawlerConfigurationController->actionCreate()
#9 /home/emanuele/public_html/yii/framework/web/CController.php(300): CInlineAction->run()
#10 /home/emanuele/public_html/yii/framework/web/filters/CFilterChain.php(133): CController->runAction(Object(CInlineAction))
#11 /home/emanuele/public_html/yii/framework/web/filters/CFilter.php(41): CFilterChain->run()
#12 /home/emanuele/public_html/yii/framework/web/CController.php(1084): CFilter->filter(Object(CFilterChain))
#13 /home/emanuele/public_html/yii/framework/web/filters/CInlineFilter.php(59): CController->filterAccessControl(Object(CFilterChain))
#14 /home/emanuele/public_html/yii/framework/web/filters/CFilterChain.php(130): CInlineFilter->filter(Object(CFilterChain))
#15 /home/emanuele/public_html/yii/framework/web/CController.php(283): CFilterChain->run()
#16 /home/emanuele/public_html/yii/framework/web/CController.php(257): CController->runActionWithFilters(Object(CInlineAction), Array)
#17 /home/emanuele/public_html/yii/framework/web/CWebApplication.php(324): CController->run('create')
#18 /home/emanuele/public_html/yii/framework/web/CWebApplication.php(121): CWebApplication->runController('crawlerConfigur...')
#19 /home/emanuele/public_html/yii/framework/base/CApplication.php(135): CWebApplication->processRequest()
#20 /home/emanuele/public_html/htcheck/index.php(19): CApplication->run()
#21 {main} REQUEST_URI=/htcheck/index.php/crawlerConfiguration/create.html
2010/12/13 14:45:59 [error] [php] Use of undefined constant UserId - assumed 'UserId' (/home/emanuele/public_html/htcheck/protected/views/crawler/_form.php:12)
Stack trace:
#0 /home/emanuele/public_html/yii/framework/web/CController.php(833): CrawlerController->renderFile()
#1 /home/emanuele/public_html/htcheck/protected/views/crawler/create.php(15): CrawlerController->renderPartial()
#2 /home/emanuele/public_html/yii/framework/web/CBaseController.php(119): require()
#3 /home/emanuele/public_html/yii/framework/web/CBaseController.php(88): CrawlerController->renderInternal()
#4 /home/emanuele/public_html/yii/framework/web/CController.php(833): CrawlerController->renderFile()
#5 /home/emanuele/public_html/yii/framework/web/CController.php(746): CrawlerController->renderPartial()
#6 /home/emanuele/public_html/htcheck/protected/controllers/CrawlerController.php(288): CrawlerController->render()
#7 /home/emanuele/public_html/yii/framework/web/actions/CInlineAction.php(57): CrawlerController->actionCreate()
#8 /home/emanuele/public_html/yii/framework/web/CController.php(300): CInlineAction->run()
#9 /home/emanuele/public_html/yii/framework/web/filters/CFilterChain.php(133): CrawlerController->runAction()
#10 /home/emanuele/public_html/yii/framework/web/filters/CFilter.php(41): CFilterChain->run()
#11 /home/emanuele/public_html/yii/framework/web/CController.php(1084): CAccessControlFilter->filter()
#12 /home/emanuele/public_html/yii/framework/web/filters/CInlineFilter.php(59): CrawlerController->filterAccessControl()
#13 /home/emanuele/public_html/yii/framework/web/filters/CFilterChain.php(130): CInlineFilter->filter()
#14 /home/emanuele/public_html/yii/framework/web/CController.php(283): CFilterChain->run()
#15 /home/emanuele/public_html/yii/framework/web/CController.php(257): CrawlerController->runActionWithFilters()
#16 /home/emanuele/public_html/yii/framework/web/CWebApplication.php(324): CrawlerController->run()
#17 /home/emanuele/public_html/yii/framework/web/CWebApplication.php(121): CWebApplication->runController()
#18 /home/emanuele/public_html/yii/framework/base/CApplication.php(135): CWebApplication->processRequest()
#19 /home/emanuele/public_html/htcheck/index.php(19): CWebApplication->run()
REQUEST_URI=/htcheck/index.php/crawler/create.html
in /home/emanuele/public_html/htcheck/protected/views/crawler/_form.php (12)
in /home/emanuele/public_html/htcheck/protected/views/crawler/create.php (15)
in /home/emanuele/public_html/htcheck/protected/controllers/CrawlerController.php (288)
2010/12/13 14:46:42 [error] [exception.CException] exception 'CException' with message 'Property "User.title" is not defined.' in /home/emanuele/public_html/yii/framework/base/CComponent.php:131
Stack trace:
#0 /home/emanuele/public_html/yii/framework/db/ar/CActiveRecord.php(110): CComponent->__get('title')
#1 /home/emanuele/public_html/yii/framework/web/helpers/CHtml.php(1668): CActiveRecord->__get('title')
#2 /home/emanuele/public_html/yii/framework/web/helpers/CHtml.php(1631): CHtml::value(Object(User), 'title')
#3 /home/emanuele/public_html/htcheck/protected/views/crawler/_form.php(13): CHtml::listData(Array, 'id', 'title')
#4 /home/emanuele/public_html/yii/framework/web/CBaseController.php(119): require('/home/emanuele/...')
#5 /home/emanuele/public_html/yii/framework/web/CBaseController.php(88): CBaseController->renderInternal('/home/emanuele/...', Array, true)
#6 /home/emanuele/public_html/yii/framework/web/CController.php(833): CBaseController->renderFile('/home/emanuele/...', Array, true)
#7 /home/emanuele/public_html/htcheck/protected/views/crawler/create.php(15): CController->renderPartial('_form', Array)
#8 /home/emanuele/public_html/yii/framework/web/CBaseController.php(119): require('/home/emanuele/...')
#9 /home/emanuele/public_html/yii/framework/web/CBaseController.php(88): CBaseController->renderInternal('/home/emanuele/...', Array, true)
#10 /home/emanuele/public_html/yii/framework/web/CController.php(833): CBaseController->renderFile('/home/emanuele/...', Array, true)
#11 /home/emanuele/public_html/yii/framework/web/CController.php(746): CController->renderPartial('create', Array, true)
#12 /home/emanuele/public_html/htcheck/protected/controllers/CrawlerController.php(288): CController->render('create', Array)
#13 /home/emanuele/public_html/yii/framework/web/actions/CInlineAction.php(57): CrawlerController->actionCreate()
#14 /home/emanuele/public_html/yii/framework/web/CController.php(300): CInlineAction->run()
#15 /home/emanuele/public_html/yii/framework/web/filters/CFilterChain.php(133): CController->runAction(Object(CInlineAction))
#16 /home/emanuele/public_html/yii/framework/web/filters/CFilter.php(41): CFilterChain->run()
#17 /home/emanuele/public_html/yii/framework/web/CController.php(1084): CFilter->filter(Object(CFilterChain))
#18 /home/emanuele/public_html/yii/framework/web/filters/CInlineFilter.php(59): CController->filterAccessControl(Object(CFilterChain))
#19 /home/emanuele/public_html/yii/framework/web/filters/CFilterChain.php(130): CInlineFilter->filter(Object(CFilterChain))
#20 /home/emanuele/public_html/yii/framework/web/CController.php(283): CFilterChain->run()
#21 /home/emanuele/public_html/yii/framework/web/CController.php(257): CController->runActionWithFilters(Object(CInlineAction), Array)
#22 /home/emanuele/public_html/yii/framework/web/CWebApplication.php(324): CController->run('create')
#23 /home/emanuele/public_html/yii/framework/web/CWebApplication.php(121): CWebApplication->runController('crawler/create')
#24 /home/emanuele/public_html/yii/framework/base/CApplication.php(135): CWebApplication->processRequest()
#25 /home/emanuele/public_html/htcheck/index.php(19): CApplication->run()
#26 {main} REQUEST_URI=/htcheck/index.php/crawler/create.html
2010/12/13 14:47:25 [error] [php] Undefined variable: app (/home/emanuele/public_html/htcheck/protected/controllers/CrawlerController.php:182)
Stack trace:
#0 /home/emanuele/public_html/yii/framework/base/CApplication.php(135): CWebApplication->processRequest()
#1 /home/emanuele/public_html/htcheck/index.php(19): CWebApplication->run()
REQUEST_URI=/htcheck/index.php/crawler/create.html
in /home/emanuele/public_html/htcheck/protected/controllers/CrawlerController.php (182)
in /home/emanuele/public_html/htcheck/index.php (19)
2010/12/13 15:05:35 [error] [exception.CHttpException.404] exception 'CHttpException' with message 'The system is unable to find the requested action "getData".' in /home/emanuele/public_html/yii/framework/web/CController.php:444
Stack trace:
#0 /home/emanuele/public_html/yii/framework/web/CController.php(262): CController->missingAction('getData')
#1 /home/emanuele/public_html/yii/framework/web/CWebApplication.php(324): CController->run('getData')
#2 /home/emanuele/public_html/yii/framework/web/CWebApplication.php(121): CWebApplication->runController('crawlerConfigur...')
#3 /home/emanuele/public_html/yii/framework/base/CApplication.php(135): CWebApplication->processRequest()
#4 /home/emanuele/public_html/htcheck/index.php(19): CApplication->run()
#5 {main} REQUEST_URI=/htcheck/index.php/crawlerConfiguration/getData.html
2010/12/13 15:06:01 [error] [exception.CHttpException.404] exception 'CHttpException' with message 'The system is unable to find the requested action "getData".' in /home/emanuele/public_html/yii/framework/web/CController.php:444
Stack trace:
#0 /home/emanuele/public_html/yii/framework/web/CController.php(262): CController->missingAction('getData')
#1 /home/emanuele/public_html/yii/framework/web/CWebApplication.php(324): CController->run('getData')
#2 /home/emanuele/public_html/yii/framework/web/CWebApplication.php(121): CWebApplication->runController('crawlerConfigur...')
#3 /home/emanuele/public_html/yii/framework/base/CApplication.php(135): CWebApplication->processRequest()
#4 /home/emanuele/public_html/htcheck/index.php(19): CApplication->run()
#5 {main} REQUEST_URI=/htcheck/index.php/crawlerConfiguration/getData.html
2010/12/13 15:19:03 [error] [exception.CHttpException.404] exception 'CHttpException' with message 'The requested page does not exist.' in /home/emanuele/public_html/htcheck/protected/controllers/CrawlerConfigurationController.php:266
Stack trace:
#0 /home/emanuele/public_html/htcheck/protected/controllers/CrawlerConfigurationController.php(114): CrawlerConfigurationController->loadModel()
#1 /home/emanuele/public_html/yii/framework/web/actions/CInlineAction.php(57): CrawlerConfigurationController->actionGetData()
#2 /home/emanuele/public_html/yii/framework/web/CController.php(300): CInlineAction->run()
#3 /home/emanuele/public_html/yii/framework/web/filters/CFilterChain.php(133): CController->runAction(Object(CInlineAction))
#4 /home/emanuele/public_html/yii/framework/web/filters/CFilter.php(41): CFilterChain->run()
#5 /home/emanuele/public_html/yii/framework/web/CController.php(1084): CFilter->filter(Object(CFilterChain))
#6 /home/emanuele/public_html/yii/framework/web/filters/CInlineFilter.php(59): CController->filterAccessControl(Object(CFilterChain))
#7 /home/emanuele/public_html/yii/framework/web/filters/CFilterChain.php(130): CInlineFilter->filter(Object(CFilterChain))
#8 /home/emanuele/public_html/yii/framework/web/CController.php(283): CFilterChain->run()
#9 /home/emanuele/public_html/yii/framework/web/CController.php(257): CController->runActionWithFilters(Object(CInlineAction), Array)
#10 /home/emanuele/public_html/yii/framework/web/CWebApplication.php(324): CController->run('getData')
#11 /home/emanuele/public_html/yii/framework/web/CWebApplication.php(121): CWebApplication->runController('crawlerConfigur...')
#12 /home/emanuele/public_html/yii/framework/base/CApplication.php(135): CWebApplication->processRequest()
#13 /home/emanuele/public_html/htcheck/index.php(19): CApplication->run()
#14 {main} REQUEST_URI=/htcheck/index.php/crawlerConfiguration/getData.html
2010/12/13 15:27:13 [error] [exception.CHttpException.404] exception 'CHttpException' with message 'The requested page does not exist.' in /home/emanuele/public_html/htcheck/protected/controllers/CrawlerConfigurationController.php:266
Stack trace:
#0 /home/emanuele/public_html/htcheck/protected/controllers/CrawlerConfigurationController.php(114): CrawlerConfigurationController->loadModel()
#1 /home/emanuele/public_html/yii/framework/web/actions/CInlineAction.php(57): CrawlerConfigurationController->actionGetData()
#2 /home/emanuele/public_html/yii/framework/web/CController.php(300): CInlineAction->run()
#3 /home/emanuele/public_html/yii/framework/web/filters/CFilterChain.php(133): CController->runAction(Object(CInlineAction))
#4 /home/emanuele/public_html/yii/framework/web/filters/CFilter.php(41): CFilterChain->run()
#5 /home/emanuele/public_html/yii/framework/web/CController.php(1084): CFilter->filter(Object(CFilterChain))
#6 /home/emanuele/public_html/yii/framework/web/filters/CInlineFilter.php(59): CController->filterAccessControl(Object(CFilterChain))
#7 /home/emanuele/public_html/yii/framework/web/filters/CFilterChain.php(130): CInlineFilter->filter(Object(CFilterChain))
#8 /home/emanuele/public_html/yii/framework/web/CController.php(283): CFilterChain->run()
#9 /home/emanuele/public_html/yii/framework/web/CController.php(257): CController->runActionWithFilters(Object(CInlineAction), Array)
#10 /home/emanuele/public_html/yii/framework/web/CWebApplication.php(324): CController->run('getData')
#11 /home/emanuele/public_html/yii/framework/web/CWebApplication.php(121): CWebApplication->runController('crawlerConfigur...')
#12 /home/emanuele/public_html/yii/framework/base/CApplication.php(135): CWebApplication->processRequest()
#13 /home/emanuele/public_html/htcheck/index.php(19): CApplication->run()
#14 {main} REQUEST_URI=/htcheck/index.php/crawlerConfiguration/getData.html
2010/12/13 15:27:18 [error] [php] Undefined index: configuration_layout_list (/home/emanuele/public_html/htcheck/protected/controllers/CrawlerConfigurationController.php:113)
Stack trace:
#0 /home/emanuele/public_html/yii/framework/web/filters/CFilterChain.php(133): CrawlerConfigurationController->runAction()
#1 /home/emanuele/public_html/yii/framework/web/filters/CFilter.php(41): CFilterChain->run()
#2 /home/emanuele/public_html/yii/framework/web/CController.php(1084): CAccessControlFilter->filter()
#3 /home/emanuele/public_html/yii/framework/web/filters/CInlineFilter.php(59): CrawlerConfigurationController->filterAccessControl()
#4 /home/emanuele/public_html/yii/framework/web/filters/CFilterChain.php(130): CInlineFilter->filter()
#5 /home/emanuele/public_html/yii/framework/web/CController.php(283): CFilterChain->run()
#6 /home/emanuele/public_html/yii/framework/web/CController.php(257): CrawlerConfigurationController->runActionWithFilters()
#7 /home/emanuele/public_html/yii/framework/web/CWebApplication.php(324): CrawlerConfigurationController->run()
#8 /home/emanuele/public_html/yii/framework/web/CWebApplication.php(121): CWebApplication->runController()
#9 /home/emanuele/public_html/yii/framework/base/CApplication.php(135): CWebApplication->processRequest()
#10 /home/emanuele/public_html/htcheck/index.php(19): CWebApplication->run()
REQUEST_URI=/htcheck/index.php/crawlerConfiguration/getData.html
in /home/emanuele/public_html/htcheck/protected/controllers/CrawlerConfigurationController.php (113)
in /home/emanuele/public_html/htcheck/index.php (19)
2010/12/14 09:32:52 [error] [php] Undefined index: configuration_layout_list (/home/emanuele/public_html/htcheck/protected/controllers/CrawlerConfigurationController.php:113)
Stack trace:
#0 /home/emanuele/public_html/yii/framework/web/filters/CFilterChain.php(133): CrawlerConfigurationController->runAction()
#1 /home/emanuele/public_html/yii/framework/web/filters/CFilter.php(41): CFilterChain->run()
#2 /home/emanuele/public_html/yii/framework/web/CController.php(1084): CAccessControlFilter->filter()
#3 /home/emanuele/public_html/yii/framework/web/filters/CInlineFilter.php(59): CrawlerConfigurationController->filterAccessControl()
#4 /home/emanuele/public_html/yii/framework/web/filters/CFilterChain.php(130): CInlineFilter->filter()
#5 /home/emanuele/public_html/yii/framework/web/CController.php(283): CFilterChain->run()
#6 /home/emanuele/public_html/yii/framework/web/CController.php(257): CrawlerConfigurationController->runActionWithFilters()
#7 /home/emanuele/public_html/yii/framework/web/CWebApplication.php(324): CrawlerConfigurationController->run()
#8 /home/emanuele/public_html/yii/framework/web/CWebApplication.php(121): CWebApplication->runController()
#9 /home/emanuele/public_html/yii/framework/base/CApplication.php(135): CWebApplication->processRequest()
#10 /home/emanuele/public_html/htcheck/index.php(19): CWebApplication->run()
REQUEST_URI=/htcheck/index.php/crawlerConfiguration/getData.html?id=5
in /home/emanuele/public_html/htcheck/protected/controllers/CrawlerConfigurationController.php (113)
in /home/emanuele/public_html/htcheck/index.php (19)
2010/12/14 09:33:05 [error] [php] Undefined index: configuration_layout_list (/home/emanuele/public_html/htcheck/protected/controllers/CrawlerConfigurationController.php:113)
Stack trace:
#0 /home/emanuele/public_html/yii/framework/web/filters/CFilterChain.php(133): CrawlerConfigurationController->runAction()
#1 /home/emanuele/public_html/yii/framework/web/filters/CFilter.php(41): CFilterChain->run()
#2 /home/emanuele/public_html/yii/framework/web/CController.php(1084): CAccessControlFilter->filter()
#3 /home/emanuele/public_html/yii/framework/web/filters/CInlineFilter.php(59): CrawlerConfigurationController->filterAccessControl()
#4 /home/emanuele/public_html/yii/framework/web/filters/CFilterChain.php(130): CInlineFilter->filter()
#5 /home/emanuele/public_html/yii/framework/web/CController.php(283): CFilterChain->run()
#6 /home/emanuele/public_html/yii/framework/web/CController.php(257): CrawlerConfigurationController->runActionWithFilters()
#7 /home/emanuele/public_html/yii/framework/web/CWebApplication.php(324): CrawlerConfigurationController->run()
#8 /home/emanuele/public_html/yii/framework/web/CWebApplication.php(121): CWebApplication->runController()
#9 /home/emanuele/public_html/yii/framework/base/CApplication.php(135): CWebApplication->processRequest()
#10 /home/emanuele/public_html/htcheck/index.php(19): CWebApplication->run()
REQUEST_URI=/htcheck/index.php/crawlerConfiguration/getData.html?id=5
in /home/emanuele/public_html/htcheck/protected/controllers/CrawlerConfigurationController.php (113)
in /home/emanuele/public_html/htcheck/index.php (19)
2010/12/14 09:39:18 [error] [exception.CHttpException.404] exception 'CHttpException' with message 'The requested page does not exist.' in /home/emanuele/public_html/htcheck/protected/controllers/CrawlerConfigurationController.php:266
Stack trace:
#0 /home/emanuele/public_html/htcheck/protected/controllers/CrawlerConfigurationController.php(114): CrawlerConfigurationController->loadModel()
#1 /home/emanuele/public_html/yii/framework/web/actions/CInlineAction.php(57): CrawlerConfigurationController->actionGetData()
#2 /home/emanuele/public_html/yii/framework/web/CController.php(300): CInlineAction->run()
#3 /home/emanuele/public_html/yii/framework/web/filters/CFilterChain.php(133): CController->runAction(Object(CInlineAction))
#4 /home/emanuele/public_html/yii/framework/web/filters/CFilter.php(41): CFilterChain->run()
#5 /home/emanuele/public_html/yii/framework/web/CController.php(1084): CFilter->filter(Object(CFilterChain))
#6 /home/emanuele/public_html/yii/framework/web/filters/CInlineFilter.php(59): CController->filterAccessControl(Object(CFilterChain))
#7 /home/emanuele/public_html/yii/framework/web/filters/CFilterChain.php(130): CInlineFilter->filter(Object(CFilterChain))
#8 /home/emanuele/public_html/yii/framework/web/CController.php(283): CFilterChain->run()
#9 /home/emanuele/public_html/yii/framework/web/CController.php(257): CController->runActionWithFilters(Object(CInlineAction), Array)
#10 /home/emanuele/public_html/yii/framework/web/CWebApplication.php(324): CController->run('getData')
#11 /home/emanuele/public_html/yii/framework/web/CWebApplication.php(121): CWebApplication->runController('crawlerConfigur...')
#12 /home/emanuele/public_html/yii/framework/base/CApplication.php(135): CWebApplication->processRequest()
#13 /home/emanuele/public_html/htcheck/index.php(19): CApplication->run()
#14 {main} REQUEST_URI=/htcheck/index.php/crawlerConfiguration/getData.html
2010/12/14 09:39:20 [error] [exception.CHttpException.404] exception 'CHttpException' with message 'The requested page does not exist.' in /home/emanuele/public_html/htcheck/protected/controllers/CrawlerConfigurationController.php:266
Stack trace:
#0 /home/emanuele/public_html/htcheck/protected/controllers/CrawlerConfigurationController.php(114): CrawlerConfigurationController->loadModel()
#1 /home/emanuele/public_html/yii/framework/web/actions/CInlineAction.php(57): CrawlerConfigurationController->actionGetData()
#2 /home/emanuele/public_html/yii/framework/web/CController.php(300): CInlineAction->run()
#3 /home/emanuele/public_html/yii/framework/web/filters/CFilterChain.php(133): CController->runAction(Object(CInlineAction))
#4 /home/emanuele/public_html/yii/framework/web/filters/CFilter.php(41): CFilterChain->run()
#5 /home/emanuele/public_html/yii/framework/web/CController.php(1084): CFilter->filter(Object(CFilterChain))
#6 /home/emanuele/public_html/yii/framework/web/filters/CInlineFilter.php(59): CController->filterAccessControl(Object(CFilterChain))
#7 /home/emanuele/public_html/yii/framework/web/filters/CFilterChain.php(130): CInlineFilter->filter(Object(CFilterChain))
#8 /home/emanuele/public_html/yii/framework/web/CController.php(283): CFilterChain->run()
#9 /home/emanuele/public_html/yii/framework/web/CController.php(257): CController->runActionWithFilters(Object(CInlineAction), Array)
#10 /home/emanuele/public_html/yii/framework/web/CWebApplication.php(324): CController->run('getData')
#11 /home/emanuele/public_html/yii/framework/web/CWebApplication.php(121): CWebApplication->runController('crawlerConfigur...')
#12 /home/emanuele/public_html/yii/framework/base/CApplication.php(135): CWebApplication->processRequest()
#13 /home/emanuele/public_html/htcheck/index.php(19): CApplication->run()
#14 {main} REQUEST_URI=/htcheck/index.php/crawlerConfiguration/getData.html
2010/12/14 09:39:25 [error] [exception.CHttpException.404] exception 'CHttpException' with message 'The requested page does not exist.' in /home/emanuele/public_html/htcheck/protected/controllers/CrawlerConfigurationController.php:266
Stack trace:
#0 /home/emanuele/public_html/htcheck/protected/controllers/CrawlerConfigurationController.php(114): CrawlerConfigurationController->loadModel()
#1 /home/emanuele/public_html/yii/framework/web/actions/CInlineAction.php(57): CrawlerConfigurationController->actionGetData()
#2 /home/emanuele/public_html/yii/framework/web/CController.php(300): CInlineAction->run()
#3 /home/emanuele/public_html/yii/framework/web/filters/CFilterChain.php(133): CController->runAction(Object(CInlineAction))
#4 /home/emanuele/public_html/yii/framework/web/filters/CFilter.php(41): CFilterChain->run()
#5 /home/emanuele/public_html/yii/framework/web/CController.php(1084): CFilter->filter(Object(CFilterChain))
#6 /home/emanuele/public_html/yii/framework/web/filters/CInlineFilter.php(59): CController->filterAccessControl(Object(CFilterChain))
#7 /home/emanuele/public_html/yii/framework/web/filters/CFilterChain.php(130): CInlineFilter->filter(Object(CFilterChain))
#8 /home/emanuele/public_html/yii/framework/web/CController.php(283): CFilterChain->run()
#9 /home/emanuele/public_html/yii/framework/web/CController.php(257): CController->runActionWithFilters(Object(CInlineAction), Array)
#10 /home/emanuele/public_html/yii/framework/web/CWebApplication.php(324): CController->run('getData')
#11 /home/emanuele/public_html/yii/framework/web/CWebApplication.php(121): CWebApplication->runController('crawlerConfigur...')
#12 /home/emanuele/public_html/yii/framework/base/CApplication.php(135): CWebApplication->processRequest()
#13 /home/emanuele/public_html/htcheck/index.php(19): CApplication->run()
#14 {main} REQUEST_URI=/htcheck/index.php/crawlerConfiguration/getData.html
2010/12/14 09:39:28 [error] [exception.CHttpException.404] exception 'CHttpException' with message 'The requested page does not exist.' in /home/emanuele/public_html/htcheck/protected/controllers/CrawlerConfigurationController.php:266
Stack trace:
#0 /home/emanuele/public_html/htcheck/protected/controllers/CrawlerConfigurationController.php(114): CrawlerConfigurationController->loadModel()
#1 /home/emanuele/public_html/yii/framework/web/actions/CInlineAction.php(57): CrawlerConfigurationController->actionGetData()
#2 /home/emanuele/public_html/yii/framework/web/CController.php(300): CInlineAction->run()
#3 /home/emanuele/public_html/yii/framework/web/filters/CFilterChain.php(133): CController->runAction(Object(CInlineAction))
#4 /home/emanuele/public_html/yii/framework/web/filters/CFilter.php(41): CFilterChain->run()
#5 /home/emanuele/public_html/yii/framework/web/CController.php(1084): CFilter->filter(Object(CFilterChain))
#6 /home/emanuele/public_html/yii/framework/web/filters/CInlineFilter.php(59): CController->filterAccessControl(Object(CFilterChain))
#7 /home/emanuele/public_html/yii/framework/web/filters/CFilterChain.php(130): CInlineFilter->filter(Object(CFilterChain))
#8 /home/emanuele/public_html/yii/framework/web/CController.php(283): CFilterChain->run()
#9 /home/emanuele/public_html/yii/framework/web/CController.php(257): CController->runActionWithFilters(Object(CInlineAction), Array)
#10 /home/emanuele/public_html/yii/framework/web/CWebApplication.php(324): CController->run('getData')
#11 /home/emanuele/public_html/yii/framework/web/CWebApplication.php(121): CWebApplication->runController('crawlerConfigur...')
#12 /home/emanuele/public_html/yii/framework/base/CApplication.php(135): CWebApplication->processRequest()
#13 /home/emanuele/public_html/htcheck/index.php(19): CApplication->run()
#14 {main} REQUEST_URI=/htcheck/index.php/crawlerConfiguration/getData.html
2010/12/14 09:39:34 [error] [exception.CHttpException.404] exception 'CHttpException' with message 'The requested page does not exist.' in /home/emanuele/public_html/htcheck/protected/controllers/CrawlerConfigurationController.php:266
Stack trace:
#0 /home/emanuele/public_html/htcheck/protected/controllers/CrawlerConfigurationController.php(114): CrawlerConfigurationController->loadModel()
#1 /home/emanuele/public_html/yii/framework/web/actions/CInlineAction.php(57): CrawlerConfigurationController->actionGetData()
#2 /home/emanuele/public_html/yii/framework/web/CController.php(300): CInlineAction->run()
#3 /home/emanuele/public_html/yii/framework/web/filters/CFilterChain.php(133): CController->runAction(Object(CInlineAction))
#4 /home/emanuele/public_html/yii/framework/web/filters/CFilter.php(41): CFilterChain->run()
#5 /home/emanuele/public_html/yii/framework/web/CController.php(1084): CFilter->filter(Object(CFilterChain))
#6 /home/emanuele/public_html/yii/framework/web/filters/CInlineFilter.php(59): CController->filterAccessControl(Object(CFilterChain))
#7 /home/emanuele/public_html/yii/framework/web/filters/CFilterChain.php(130): CInlineFilter->filter(Object(CFilterChain))
#8 /home/emanuele/public_html/yii/framework/web/CController.php(283): CFilterChain->run()
#9 /home/emanuele/public_html/yii/framework/web/CController.php(257): CController->runActionWithFilters(Object(CInlineAction), Array)
#10 /home/emanuele/public_html/yii/framework/web/CWebApplication.php(324): CController->run('getData')
#11 /home/emanuele/public_html/yii/framework/web/CWebApplication.php(121): CWebApplication->runController('crawlerConfigur...')
#12 /home/emanuele/public_html/yii/framework/base/CApplication.php(135): CWebApplication->processRequest()
#13 /home/emanuele/public_html/htcheck/index.php(19): CApplication->run()
#14 {main} REQUEST_URI=/htcheck/index.php/crawlerConfiguration/getData.html
2010/12/14 09:46:50 [error] [php] Undefined index: configuration_layout_list (/home/emanuele/public_html/htcheck/protected/controllers/CrawlerConfigurationController.php:113)
Stack trace:
#0 /home/emanuele/public_html/yii/framework/web/filters/CFilterChain.php(133): CrawlerConfigurationController->runAction()
#1 /home/emanuele/public_html/yii/framework/web/filters/CFilter.php(41): CFilterChain->run()
#2 /home/emanuele/public_html/yii/framework/web/CController.php(1084): CAccessControlFilter->filter()
#3 /home/emanuele/public_html/yii/framework/web/filters/CInlineFilter.php(59): CrawlerConfigurationController->filterAccessControl()
#4 /home/emanuele/public_html/yii/framework/web/filters/CFilterChain.php(130): CInlineFilter->filter()
#5 /home/emanuele/public_html/yii/framework/web/CController.php(283): CFilterChain->run()
#6 /home/emanuele/public_html/yii/framework/web/CController.php(257): CrawlerConfigurationController->runActionWithFilters()
#7 /home/emanuele/public_html/yii/framework/web/CWebApplication.php(324): CrawlerConfigurationController->run()
#8 /home/emanuele/public_html/yii/framework/web/CWebApplication.php(121): CWebApplication->runController()
#9 /home/emanuele/public_html/yii/framework/base/CApplication.php(135): CWebApplication->processRequest()
#10 /home/emanuele/public_html/htcheck/index.php(19): CWebApplication->run()
REQUEST_URI=/htcheck/index.php/crawlerConfiguration/getData.html?id=5
in /home/emanuele/public_html/htcheck/protected/controllers/CrawlerConfigurationController.php (113)
in /home/emanuele/public_html/htcheck/index.php (19)
2010/12/14 09:46:53 [error] [php] Undefined index: configuration_layout_list (/home/emanuele/public_html/htcheck/protected/controllers/CrawlerConfigurationController.php:113)
Stack trace:
#0 /home/emanuele/public_html/yii/framework/web/filters/CFilterChain.php(133): CrawlerConfigurationController->runAction()
#1 /home/emanuele/public_html/yii/framework/web/filters/CFilter.php(41): CFilterChain->run()
#2 /home/emanuele/public_html/yii/framework/web/CController.php(1084): CAccessControlFilter->filter()
#3 /home/emanuele/public_html/yii/framework/web/filters/CInlineFilter.php(59): CrawlerConfigurationController->filterAccessControl()
#4 /home/emanuele/public_html/yii/framework/web/filters/CFilterChain.php(130): CInlineFilter->filter()
#5 /home/emanuele/public_html/yii/framework/web/CController.php(283): CFilterChain->run()
#6 /home/emanuele/public_html/yii/framework/web/CController.php(257): CrawlerConfigurationController->runActionWithFilters()
#7 /home/emanuele/public_html/yii/framework/web/CWebApplication.php(324): CrawlerConfigurationController->run()
#8 /home/emanuele/public_html/yii/framework/web/CWebApplication.php(121): CWebApplication->runController()
#9 /home/emanuele/public_html/yii/framework/base/CApplication.php(135): CWebApplication->processRequest()
#10 /home/emanuele/public_html/htcheck/index.php(19): CWebApplication->run()
REQUEST_URI=/htcheck/index.php/crawlerConfiguration/getData.html
in /home/emanuele/public_html/htcheck/protected/controllers/CrawlerConfigurationController.php (113)
in /home/emanuele/public_html/htcheck/index.php (19)
2010/12/14 09:48:29 [error] [exception.CHttpException.404] exception 'CHttpException' with message 'The requested page does not exist.' in /home/emanuele/public_html/htcheck/protected/controllers/CrawlerConfigurationController.php:266
Stack trace:
#0 /home/emanuele/public_html/htcheck/protected/controllers/CrawlerConfigurationController.php(114): CrawlerConfigurationController->loadModel()
#1 /home/emanuele/public_html/yii/framework/web/actions/CInlineAction.php(57): CrawlerConfigurationController->actionGetData()
#2 /home/emanuele/public_html/yii/framework/web/CController.php(300): CInlineAction->run()
#3 /home/emanuele/public_html/yii/framework/web/filters/CFilterChain.php(133): CController->runAction(Object(CInlineAction))
#4 /home/emanuele/public_html/yii/framework/web/filters/CFilter.php(41): CFilterChain->run()
#5 /home/emanuele/public_html/yii/framework/web/CController.php(1084): CFilter->filter(Object(CFilterChain))
#6 /home/emanuele/public_html/yii/framework/web/filters/CInlineFilter.php(59): CController->filterAccessControl(Object(CFilterChain))
#7 /home/emanuele/public_html/yii/framework/web/filters/CFilterChain.php(130): CInlineFilter->filter(Object(CFilterChain))
#8 /home/emanuele/public_html/yii/framework/web/CController.php(283): CFilterChain->run()
#9 /home/emanuele/public_html/yii/framework/web/CController.php(257): CController->runActionWithFilters(Object(CInlineAction), Array)
#10 /home/emanuele/public_html/yii/framework/web/CWebApplication.php(324): CController->run('getData')
#11 /home/emanuele/public_html/yii/framework/web/CWebApplication.php(121): CWebApplication->runController('crawlerConfigur...')
#12 /home/emanuele/public_html/yii/framework/base/CApplication.php(135): CWebApplication->processRequest()
#13 /home/emanuele/public_html/htcheck/index.php(19): CApplication->run()
#14 {main} REQUEST_URI=/htcheck/index.php/crawlerConfiguration/getData.html
2010/12/14 09:48:38 [error] [exception.CHttpException.404] exception 'CHttpException' with message 'The requested page does not exist.' in /home/emanuele/public_html/htcheck/protected/controllers/CrawlerConfigurationController.php:266
Stack trace:
#0 /home/emanuele/public_html/htcheck/protected/controllers/CrawlerConfigurationController.php(114): CrawlerConfigurationController->loadModel()
#1 /home/emanuele/public_html/yii/framework/web/actions/CInlineAction.php(57): CrawlerConfigurationController->actionGetData()
#2 /home/emanuele/public_html/yii/framework/web/CController.php(300): CInlineAction->run()
#3 /home/emanuele/public_html/yii/framework/web/filters/CFilterChain.php(133): CController->runAction(Object(CInlineAction))
#4 /home/emanuele/public_html/yii/framework/web/filters/CFilter.php(41): CFilterChain->run()
#5 /home/emanuele/public_html/yii/framework/web/CController.php(1084): CFilter->filter(Object(CFilterChain))
#6 /home/emanuele/public_html/yii/framework/web/filters/CInlineFilter.php(59): CController->filterAccessControl(Object(CFilterChain))
#7 /home/emanuele/public_html/yii/framework/web/filters/CFilterChain.php(130): CInlineFilter->filter(Object(CFilterChain))
#8 /home/emanuele/public_html/yii/framework/web/CController.php(283): CFilterChain->run()
#9 /home/emanuele/public_html/yii/framework/web/CController.php(257): CController->runActionWithFilters(Object(CInlineAction), Array)
#10 /home/emanuele/public_html/yii/framework/web/CWebApplication.php(324): CController->run('getData')
#11 /home/emanuele/public_html/yii/framework/web/CWebApplication.php(121): CWebApplication->runController('crawlerConfigur...')
#12 /home/emanuele/public_html/yii/framework/base/CApplication.php(135): CWebApplication->processRequest()
#13 /home/emanuele/public_html/htcheck/index.php(19): CApplication->run()
#14 {main} REQUEST_URI=/htcheck/index.php/crawlerConfiguration/getData.html
2010/12/14 10:08:15 [error] [exception.CHttpException.404] exception 'CHttpException' with message 'The requested page does not exist.' in /home/emanuele/public_html/htcheck/protected/controllers/CrawlerConfigurationController.php:266
Stack trace:
#0 /home/emanuele/public_html/htcheck/protected/controllers/CrawlerConfigurationController.php(114): CrawlerConfigurationController->loadModel()
#1 /home/emanuele/public_html/yii/framework/web/actions/CInlineAction.php(57): CrawlerConfigurationController->actionGetData()
#2 /home/emanuele/public_html/yii/framework/web/CController.php(300): CInlineAction->run()
#3 /home/emanuele/public_html/yii/framework/web/filters/CFilterChain.php(133): CController->runAction(Object(CInlineAction))
#4 /home/emanuele/public_html/yii/framework/web/filters/CFilter.php(41): CFilterChain->run()
#5 /home/emanuele/public_html/yii/framework/web/CController.php(1084): CFilter->filter(Object(CFilterChain))
#6 /home/emanuele/public_html/yii/framework/web/filters/CInlineFilter.php(59): CController->filterAccessControl(Object(CFilterChain))
#7 /home/emanuele/public_html/yii/framework/web/filters/CFilterChain.php(130): CInlineFilter->filter(Object(CFilterChain))
#8 /home/emanuele/public_html/yii/framework/web/CController.php(283): CFilterChain->run()
#9 /home/emanuele/public_html/yii/framework/web/CController.php(257): CController->runActionWithFilters(Object(CInlineAction), Array)
#10 /home/emanuele/public_html/yii/framework/web/CWebApplication.php(324): CController->run('getData')
#11 /home/emanuele/public_html/yii/framework/web/CWebApplication.php(121): CWebApplication->runController('crawlerConfigur...')
#12 /home/emanuele/public_html/yii/framework/base/CApplication.php(135): CWebApplication->processRequest()
#13 /home/emanuele/public_html/htcheck/index.php(19): CApplication->run()
#14 {main} REQUEST_URI=/htcheck/index.php/crawlerConfiguration/getData.html
2010/12/14 10:10:59 [error] [exception.CException] exception 'CException' with message 'The asset "/home/emanuele/public_html/htcheck/protected/resources/jquery.ui/redmond/" to be published does not exist.' in /home/emanuele/public_html/yii/framework/web/CAssetManager.php:192
Stack trace:
#0 /home/emanuele/public_html/htcheck/protected/views/layouts/main.php(17): CAssetManager->publish('/home/emanuele/...')
#1 /home/emanuele/public_html/yii/framework/web/CBaseController.php(119): require('/home/emanuele/...')
#2 /home/emanuele/public_html/yii/framework/web/CBaseController.php(88): CBaseController->renderInternal('/home/emanuele/...', Array, true)
#3 /home/emanuele/public_html/yii/framework/web/widgets/CContentDecorator.php(78): CBaseController->renderFile('/home/emanuele/...', Array, true)
#4 /home/emanuele/public_html/yii/framework/web/widgets/CContentDecorator.php(56): CContentDecorator->decorate('<div class="con...')
#5 /home/emanuele/public_html/yii/framework/web/widgets/COutputProcessor.php(45): CContentDecorator->processOutput('<div class="con...')
#6 /home/emanuele/public_html/yii/framework/web/CBaseController.php(199): COutputProcessor->run()
#7 /home/emanuele/public_html/yii/framework/web/CBaseController.php(294): CBaseController->endWidget('CContentDecorat...')
#8 /home/emanuele/public_html/htcheck/protected/views/layouts/column2.php(59): CBaseController->endContent()
#9 /home/emanuele/public_html/yii/framework/web/CBaseController.php(119): require('/home/emanuele/...')
#10 /home/emanuele/public_html/yii/framework/web/CBaseController.php(88): CBaseController->renderInternal('/home/emanuele/...', Array, true)
#11 /home/emanuele/public_html/yii/framework/web/CController.php(748): CBaseController->renderFile('/home/emanuele/...', Array, true)
#12 /home/emanuele/public_html/htcheck/protected/controllers/CrawlerController.php(288): CController->render('create', Array)
#13 /home/emanuele/public_html/yii/framework/web/actions/CInlineAction.php(57): CrawlerController->actionCreate()
#14 /home/emanuele/public_html/yii/framework/web/CController.php(300): CInlineAction->run()
#15 /home/emanuele/public_html/yii/framework/web/filters/CFilterChain.php(133): CController->runAction(Object(CInlineAction))
#16 /home/emanuele/public_html/yii/framework/web/filters/CFilter.php(41): CFilterChain->run()
#17 /home/emanuele/public_html/yii/framework/web/CController.php(1084): CFilter->filter(Object(CFilterChain))
#18 /home/emanuele/public_html/yii/framework/web/filters/CInlineFilter.php(59): CController->filterAccessControl(Object(CFilterChain))
#19 /home/emanuele/public_html/yii/framework/web/filters/CFilterChain.php(130): CInlineFilter->filter(Object(CFilterChain))
#20 /home/emanuele/public_html/yii/framework/web/CController.php(283): CFilterChain->run()
#21 /home/emanuele/public_html/yii/framework/web/CController.php(257): CController->runActionWithFilters(Object(CInlineAction), Array)
#22 /home/emanuele/public_html/yii/framework/web/CWebApplication.php(324): CController->run('create')
#23 /home/emanuele/public_html/yii/framework/web/CWebApplication.php(121): CWebApplication->runController('crawler/create')
#24 /home/emanuele/public_html/yii/framework/base/CApplication.php(135): CWebApplication->processRequest()
#25 /home/emanuele/public_html/htcheck/index.php(19): CApplication->run()
#26 {main} REQUEST_URI=/htcheck/index.php/crawler/create.html
2010/12/14 10:14:06 [error] [exception.CException] exception 'CException' with message 'The asset "/home/emanuele/public_html/htcheck/protected/css/redmond/" to be published does not exist.' in /home/emanuele/public_html/yii/framework/web/CAssetManager.php:192
Stack trace:
#0 /home/emanuele/public_html/htcheck/protected/views/layouts/main.php(17): CAssetManager->publish('/home/emanuele/...')
#1 /home/emanuele/public_html/yii/framework/web/CBaseController.php(119): require('/home/emanuele/...')
#2 /home/emanuele/public_html/yii/framework/web/CBaseController.php(88): CBaseController->renderInternal('/home/emanuele/...', Array, true)
#3 /home/emanuele/public_html/yii/framework/web/widgets/CContentDecorator.php(78): CBaseController->renderFile('/home/emanuele/...', Array, true)
#4 /home/emanuele/public_html/yii/framework/web/widgets/CContentDecorator.php(56): CContentDecorator->decorate('<div class="con...')
#5 /home/emanuele/public_html/yii/framework/web/widgets/COutputProcessor.php(45): CContentDecorator->processOutput('<div class="con...')
#6 /home/emanuele/public_html/yii/framework/web/CBaseController.php(199): COutputProcessor->run()
#7 /home/emanuele/public_html/yii/framework/web/CBaseController.php(294): CBaseController->endWidget('CContentDecorat...')
#8 /home/emanuele/public_html/htcheck/protected/views/layouts/column2.php(59): CBaseController->endContent()
#9 /home/emanuele/public_html/yii/framework/web/CBaseController.php(119): require('/home/emanuele/...')
#10 /home/emanuele/public_html/yii/framework/web/CBaseController.php(88): CBaseController->renderInternal('/home/emanuele/...', Array, true)
#11 /home/emanuele/public_html/yii/framework/web/CController.php(748): CBaseController->renderFile('/home/emanuele/...', Array, true)
#12 /home/emanuele/public_html/htcheck/protected/controllers/CrawlerController.php(288): CController->render('create', Array)
#13 /home/emanuele/public_html/yii/framework/web/actions/CInlineAction.php(57): CrawlerController->actionCreate()
#14 /home/emanuele/public_html/yii/framework/web/CController.php(300): CInlineAction->run()
#15 /home/emanuele/public_html/yii/framework/web/filters/CFilterChain.php(133): CController->runAction(Object(CInlineAction))
#16 /home/emanuele/public_html/yii/framework/web/filters/CFilter.php(41): CFilterChain->run()
#17 /home/emanuele/public_html/yii/framework/web/CController.php(1084): CFilter->filter(Object(CFilterChain))
#18 /home/emanuele/public_html/yii/framework/web/filters/CInlineFilter.php(59): CController->filterAccessControl(Object(CFilterChain))
#19 /home/emanuele/public_html/yii/framework/web/filters/CFilterChain.php(130): CInlineFilter->filter(Object(CFilterChain))
#20 /home/emanuele/public_html/yii/framework/web/CController.php(283): CFilterChain->run()
#21 /home/emanuele/public_html/yii/framework/web/CController.php(257): CController->runActionWithFilters(Object(CInlineAction), Array)
#22 /home/emanuele/public_html/yii/framework/web/CWebApplication.php(324): CController->run('create')
#23 /home/emanuele/public_html/yii/framework/web/CWebApplication.php(121): CWebApplication->runController('crawler/create')
#24 /home/emanuele/public_html/yii/framework/base/CApplication.php(135): CWebApplication->processRequest()
#25 /home/emanuele/public_html/htcheck/index.php(19): CApplication->run()
#26 {main} REQUEST_URI=/htcheck/index.php/crawler/create.html
2010/12/14 10:15:09 [error] [exception.CException] exception 'CException' with message 'The asset "/htcheck/css/redmond/" to be published does not exist.' in /home/emanuele/public_html/yii/framework/web/CAssetManager.php:192
Stack trace:
#0 /home/emanuele/public_html/htcheck/protected/views/layouts/main.php(17): CAssetManager->publish('/htcheck/css/re...')
#1 /home/emanuele/public_html/yii/framework/web/CBaseController.php(119): require('/home/emanuele/...')
#2 /home/emanuele/public_html/yii/framework/web/CBaseController.php(88): CBaseController->renderInternal('/home/emanuele/...', Array, true)
#3 /home/emanuele/public_html/yii/framework/web/widgets/CContentDecorator.php(78): CBaseController->renderFile('/home/emanuele/...', Array, true)
#4 /home/emanuele/public_html/yii/framework/web/widgets/CContentDecorator.php(56): CContentDecorator->decorate('<div class="con...')
#5 /home/emanuele/public_html/yii/framework/web/widgets/COutputProcessor.php(45): CContentDecorator->processOutput('<div class="con...')
#6 /home/emanuele/public_html/yii/framework/web/CBaseController.php(199): COutputProcessor->run()
#7 /home/emanuele/public_html/yii/framework/web/CBaseController.php(294): CBaseController->endWidget('CContentDecorat...')
#8 /home/emanuele/public_html/htcheck/protected/views/layouts/column2.php(59): CBaseController->endContent()
#9 /home/emanuele/public_html/yii/framework/web/CBaseController.php(119): require('/home/emanuele/...')
#10 /home/emanuele/public_html/yii/framework/web/CBaseController.php(88): CBaseController->renderInternal('/home/emanuele/...', Array, true)
#11 /home/emanuele/public_html/yii/framework/web/CController.php(748): CBaseController->renderFile('/home/emanuele/...', Array, true)
#12 /home/emanuele/public_html/htcheck/protected/controllers/CrawlerController.php(288): CController->render('create', Array)
#13 /home/emanuele/public_html/yii/framework/web/actions/CInlineAction.php(57): CrawlerController->actionCreate()
#14 /home/emanuele/public_html/yii/framework/web/CController.php(300): CInlineAction->run()
#15 /home/emanuele/public_html/yii/framework/web/filters/CFilterChain.php(133): CController->runAction(Object(CInlineAction))
#16 /home/emanuele/public_html/yii/framework/web/filters/CFilter.php(41): CFilterChain->run()
#17 /home/emanuele/public_html/yii/framework/web/CController.php(1084): CFilter->filter(Object(CFilterChain))
#18 /home/emanuele/public_html/yii/framework/web/filters/CInlineFilter.php(59): CController->filterAccessControl(Object(CFilterChain))
#19 /home/emanuele/public_html/yii/framework/web/filters/CFilterChain.php(130): CInlineFilter->filter(Object(CFilterChain))
#20 /home/emanuele/public_html/yii/framework/web/CController.php(283): CFilterChain->run()
#21 /home/emanuele/public_html/yii/framework/web/CController.php(257): CController->runActionWithFilters(Object(CInlineAction), Array)
#22 /home/emanuele/public_html/yii/framework/web/CWebApplication.php(324): CController->run('create')
#23 /home/emanuele/public_html/yii/framework/web/CWebApplication.php(121): CWebApplication->runController('crawler/create')
#24 /home/emanuele/public_html/yii/framework/base/CApplication.php(135): CWebApplication->processRequest()
#25 /home/emanuele/public_html/htcheck/index.php(19): CApplication->run()
#26 {main} REQUEST_URI=/htcheck/index.php/crawler/create.html
2010/12/15 18:19:24 [error] [php] unlink(./crawlers_config/htcheck_deviseitconf): No such file or directory (/home/emanuele/public_html/htcheck/protected/models/Crawler.php:349)
Stack trace:
#0 /home/emanuele/public_html/htcheck/support-files/framework/db/ar/CActiveRecord.php(1111): Crawler->beforeDelete()
#1 /home/emanuele/public_html/htcheck/protected/controllers/CrawlerController.php(219): Crawler->delete()
#2 /home/emanuele/public_html/htcheck/support-files/framework/web/actions/CInlineAction.php(57): CrawlerController->actionDelete()
#3 /home/emanuele/public_html/htcheck/support-files/framework/web/CController.php(300): CInlineAction->run()
#4 /home/emanuele/public_html/htcheck/support-files/framework/web/filters/CFilterChain.php(133): CrawlerController->runAction()
#5 /home/emanuele/public_html/htcheck/support-files/framework/web/filters/CFilter.php(41): CFilterChain->run()
#6 /home/emanuele/public_html/htcheck/support-files/framework/web/CController.php(1084): CAccessControlFilter->filter()
#7 /home/emanuele/public_html/htcheck/support-files/framework/web/filters/CInlineFilter.php(59): CrawlerController->filterAccessControl()
#8 /home/emanuele/public_html/htcheck/support-files/framework/web/filters/CFilterChain.php(130): CInlineFilter->filter()
#9 /home/emanuele/public_html/htcheck/support-files/framework/web/CController.php(283): CFilterChain->run()
#10 /home/emanuele/public_html/htcheck/support-files/framework/web/CController.php(257): CrawlerController->runActionWithFilters()
#11 /home/emanuele/public_html/htcheck/support-files/framework/web/CWebApplication.php(324): CrawlerController->run()
#12 /home/emanuele/public_html/htcheck/support-files/framework/web/CWebApplication.php(121): CWebApplication->runController()
#13 /home/emanuele/public_html/htcheck/support-files/framework/base/CApplication.php(135): CWebApplication->processRequest()
#14 /home/emanuele/public_html/htcheck/index.php(19): CWebApplication->run()
REQUEST_URI=/htcheck/index.php/crawler/delete/1.html?ajax=crawler-grid
in /home/emanuele/public_html/htcheck/protected/models/Crawler.php (349)
in /home/emanuele/public_html/htcheck/protected/models/Crawler.php (384)
in /home/emanuele/public_html/htcheck/protected/controllers/CrawlerController.php (219)
2010/12/16 13:40:48 [error] [exception.CException] exception 'CException' with message 'Property "User.nickname" is not defined.' in /home/emanuele/public_html/htcheck/support-files/framework/base/CComponent.php:131
Stack trace:
#0 /home/emanuele/public_html/htcheck/support-files/framework/db/ar/CActiveRecord.php(110): CComponent->__get('nickname')
#1 /home/emanuele/public_html/htcheck/protected/controllers/UserController.php(203): CActiveRecord->__get('nickname')
#2 /home/emanuele/public_html/htcheck/support-files/framework/web/actions/CInlineAction.php(57): UserController->actionDelete()
#3 /home/emanuele/public_html/htcheck/support-files/framework/web/CController.php(300): CInlineAction->run()
#4 /home/emanuele/public_html/htcheck/support-files/framework/web/filters/CFilterChain.php(133): CController->runAction(Object(CInlineAction))
#5 /home/emanuele/public_html/htcheck/support-files/framework/web/filters/CFilter.php(41): CFilterChain->run()
#6 /home/emanuele/public_html/htcheck/support-files/framework/web/CController.php(1084): CFilter->filter(Object(CFilterChain))
#7 /home/emanuele/public_html/htcheck/support-files/framework/web/filters/CInlineFilter.php(59): CController->filterAccessControl(Object(CFilterChain))
#8 /home/emanuele/public_html/htcheck/support-files/framework/web/filters/CFilterChain.php(130): CInlineFilter->filter(Object(CFilterChain))
#9 /home/emanuele/public_html/htcheck/support-files/framework/web/CController.php(283): CFilterChain->run()
#10 /home/emanuele/public_html/htcheck/support-files/framework/web/CController.php(257): CController->runActionWithFilters(Object(CInlineAction), Array)
#11 /home/emanuele/public_html/htcheck/support-files/framework/web/CWebApplication.php(324): CController->run('delete')
#12 /home/emanuele/public_html/htcheck/support-files/framework/web/CWebApplication.php(121): CWebApplication->runController('user/delete')
#13 /home/emanuele/public_html/htcheck/support-files/framework/base/CApplication.php(135): CWebApplication->processRequest()
#14 /home/emanuele/public_html/htcheck/index.php(19): CApplication->run()
#15 {main} REQUEST_URI=/htcheck/index.php/user/delete/2.html?ajax=user-grid
2010/12/16 13:51:02 [error] [php] unlink(./crawlers_config/htcheck_zzzz.conf): No such file or directory (/home/emanuele/public_html/htcheck/protected/models/Crawler.php:348)
Stack trace:
#0 /home/emanuele/public_html/htcheck/support-files/framework/db/ar/CActiveRecord.php(1111): Crawler->beforeDelete()
#1 /home/emanuele/public_html/htcheck/protected/controllers/CrawlerController.php(220): Crawler->delete()
#2 /home/emanuele/public_html/htcheck/support-files/framework/web/actions/CInlineAction.php(57): CrawlerController->actionDelete()
#3 /home/emanuele/public_html/htcheck/support-files/framework/web/CController.php(300): CInlineAction->run()
#4 /home/emanuele/public_html/htcheck/support-files/framework/web/filters/CFilterChain.php(133): CrawlerController->runAction()
#5 /home/emanuele/public_html/htcheck/support-files/framework/web/filters/CFilter.php(41): CFilterChain->run()
#6 /home/emanuele/public_html/htcheck/support-files/framework/web/CController.php(1084): CAccessControlFilter->filter()
#7 /home/emanuele/public_html/htcheck/support-files/framework/web/filters/CInlineFilter.php(59): CrawlerController->filterAccessControl()
#8 /home/emanuele/public_html/htcheck/support-files/framework/web/filters/CFilterChain.php(130): CInlineFilter->filter()
#9 /home/emanuele/public_html/htcheck/support-files/framework/web/CController.php(283): CFilterChain->run()
#10 /home/emanuele/public_html/htcheck/support-files/framework/web/CController.php(257): CrawlerController->runActionWithFilters()
#11 /home/emanuele/public_html/htcheck/support-files/framework/web/CWebApplication.php(324): CrawlerController->run()
#12 /home/emanuele/public_html/htcheck/support-files/framework/web/CWebApplication.php(121): CWebApplication->runController()
#13 /home/emanuele/public_html/htcheck/support-files/framework/base/CApplication.php(135): CWebApplication->processRequest()
#14 /home/emanuele/public_html/htcheck/index.php(19): CWebApplication->run()
REQUEST_URI=/htcheck/index.php/crawler/delete/3.html?ajax=crawler-grid
in /home/emanuele/public_html/htcheck/protected/models/Crawler.php (348)
in /home/emanuele/public_html/htcheck/protected/models/Crawler.php (383)
in /home/emanuele/public_html/htcheck/protected/controllers/CrawlerController.php (220)
